<?xml version="1.0" encoding="UTF-8"?>
<!-- Generated by org.testng.reporters.JUnitXMLReporter -->
<testsuite ignored="0" hostname="LAPTOP-VRF7QEJL" failures="0" tests="4" name="Default test" time="106.35" errors="0" timestamp="2026-08-24T17:32:30 IST">
  <testcase classname="testCaseRepo.TC_001" name="LE_001" time="14.665">
    <skipped/>
  </testcase> <!-- LE_001 -->
  <testcase classname="testCaseRepo.TC_001" name="LE_001" time="14.515">
    <skipped/>
  </testcase> <!-- LE_001 -->
  <testcase classname="testCaseRepo.TC_001" name="LE_001" time="14.069">
    <skipped/>
  </testcase> <!-- LE_001 -->
  <testcase classname="testCaseRepo.TC_001" name="LE_001" time="23.418"/>
</testsuite> <!-- Default test -->
